<?xml version="1.0" encoding="UTF-8"?>
<testng-results skipped="0" failed="0" ignored="0" total="1" passed="1">
  <reporter-output>
    <line>
      <![CDATA[<a href='C:\Users\nmm\Documents\Work Related\My Gt Project\Automation\GmailAutomation\src\main\java\com\Gmail\GmailAutomation\screenshots\success_screenshots\testInvalidEmail_04_06_2018_07_27_27.png'> <img src='C:\Users\nmm\Documents\Work Related\My Gt Project\Automation\GmailAutomation\src\main\java\com\Gmail\GmailAutomation\screenshots\success_screenshots\testInvalidEmail_04_06_2018_07_27_27.png' height='100' width='100'/> </a>]]>
    </line>
  </reporter-output>
  <suite name="Regression Suite" duration-ms="26637" started-at="2018-06-04T01:57:03Z" finished-at="2018-06-04T01:57:30Z">
    <groups>
    </groups>
    <test name="1. Invalid account validation" duration-ms="26637" started-at="2018-06-04T01:57:03Z" finished-at="2018-06-04T01:57:30Z">
      <class name="com.Gmail.GmailAutomation.gmail.loginTests.TC_01_InvalidEmail">
        <test-method status="PASS" signature="setUp()[pri:0, instance:com.Gmail.GmailAutomation.gmail.loginTests.TC_01_InvalidEmail@27fe3806]" name="setUp" is-config="true" duration-ms="13179" started-at="2018-06-04T07:27:03Z" finished-at="2018-06-04T07:27:16Z">
          <reporter-output>
          </reporter-output>
        </test-method> <!-- setUp -->
        <test-method status="PASS" signature="beforeMethod(java.lang.reflect.Method)[pri:0, instance:com.Gmail.GmailAutomation.gmail.loginTests.TC_01_InvalidEmail@27fe3806]" name="beforeMethod" is-config="true" duration-ms="8" started-at="2018-06-04T07:27:16Z" finished-at="2018-06-04T07:27:16Z">
          <params>
            <param index="0">
              <value>
                <![CDATA[public void com.Gmail.GmailAutomation.gmail.loginTests.TC_01_InvalidEmail.testInvalidEmail(java.lang.String) throws java.lang.InterruptedException]]>
              </value>
            </param>
          </params>
          <reporter-output>
          </reporter-output>
        </test-method> <!-- beforeMethod -->
        <test-method status="PASS" signature="testInvalidEmail(java.lang.String)[pri:1, instance:com.Gmail.GmailAutomation.gmail.loginTests.TC_01_InvalidEmail@27fe3806]" name="testInvalidEmail" duration-ms="11110" started-at="2018-06-04T07:27:16Z" description="To verify invalid account/email, which doesnot exist in DB" finished-at="2018-06-04T07:27:27Z">
          <params>
            <param index="0">
              <value>
                <![CDATA[fsafdsfsfsfggddggercsada]]>
              </value>
            </param>
          </params>
          <reporter-output>
            <line>
              <![CDATA[<a href='C:\Users\nmm\Documents\Work Related\My Gt Project\Automation\GmailAutomation\src\main\java\com\Gmail\GmailAutomation\screenshots\success_screenshots\testInvalidEmail_04_06_2018_07_27_27.png'> <img src='C:\Users\nmm\Documents\Work Related\My Gt Project\Automation\GmailAutomation\src\main\java\com\Gmail\GmailAutomation\screenshots\success_screenshots\testInvalidEmail_04_06_2018_07_27_27.png' height='100' width='100'/> </a>]]>
            </line>
          </reporter-output>
        </test-method> <!-- testInvalidEmail -->
        <test-method status="PASS" signature="endTest()[pri:0, instance:com.Gmail.GmailAutomation.gmail.loginTests.TC_01_InvalidEmail@27fe3806]" name="endTest" is-config="true" duration-ms="1959" started-at="2018-06-04T07:27:28Z" finished-at="2018-06-04T07:27:30Z">
          <reporter-output>
          </reporter-output>
        </test-method> <!-- endTest -->
        <test-method status="PASS" signature="afterMethod(org.testng.ITestResult)[pri:0, instance:com.Gmail.GmailAutomation.gmail.loginTests.TC_01_InvalidEmail@27fe3806]" name="afterMethod" is-config="true" duration-ms="0" started-at="2018-06-04T07:27:28Z" finished-at="2018-06-04T07:27:28Z">
          <params>
            <param index="0">
              <value>
                <![CDATA[[TestResult name=testInvalidEmail status=SUCCESS method=TC_01_InvalidEmail.testInvalidEmail(java.lang.String)[pri:1, instance:com.Gmail.GmailAutomation.gmail.loginTests.TC_01_InvalidEmail@27fe3806] output=<a href='C:\Users\nmm\Documents\Work Related\My Gt Project\Automation\GmailAutomation\src\main\java\com\Gmail\GmailAutomation\screenshots\success_screenshots\testInvalidEmail_04_06_2018_07_27_27.png'> <img src='C:\Users\nmm\Documents\Work Related\My Gt Project\Automation\GmailAutomation\src\main\java\com\Gmail\GmailAutomation\screenshots\success_screenshots\testInvalidEmail_04_06_2018_07_27_27.png' height='100' width='100'/> </a>]]]>
              </value>
            </param>
          </params>
          <reporter-output>
          </reporter-output>
        </test-method> <!-- afterMethod -->
      </class> <!-- com.Gmail.GmailAutomation.gmail.loginTests.TC_01_InvalidEmail -->
    </test> <!-- 1. Invalid account validation -->
  </suite> <!-- Regression Suite -->
</testng-results>
